C:\Users\Prasath_G\Documents\Visual Studio 2010\Projects\PRASATH\ForGitcppsolutions\5_LinkedLists\Debug\5_LinkedLists.write.1.tlog
C:\USERS\PRASATH_G\DOCUMENTS\VISUAL STUDIO 2010\PROJECTS\PRASATH\FORGITCPPSOLUTIONS\5_LINKEDLISTS\DEBUG\ADD1TONUMBERREPRESENTEDASLL-BOTHITERNRECUR.OBJ
C:\USERS\PRASATH_G\DOCUMENTS\VISUAL STUDIO 2010\PROJECTS\PRASATH\FORGITCPPSOLUTIONS\5_LINKEDLISTS\DEBUG\ALTERNATENODEDELETION_ITERATIVE.OBJ
C:\USERS\PRASATH_G\DOCUMENTS\VISUAL STUDIO 2010\PROJECTS\PRASATH\FORGITCPPSOLUTIONS\5_LINKEDLISTS\DEBUG\ALTERNATESPLITOFLL.OBJ
C:\USERS\PRASATH_G\DOCUMENTS\VISUAL STUDIO 2010\PROJECTS\PRASATH\FORGITCPPSOLUTIONS\5_LINKEDLISTS\DEBUG\ALTERNATESPLITOFLL_ITERATIVE.OBJ
C:\USERS\PRASATH_G\DOCUMENTS\VISUAL STUDIO 2010\PROJECTS\PRASATH\FORGITCPPSOLUTIONS\5_LINKEDLISTS\DEBUG\ALTERNATESPLITOFLL_RECURSIVE.OBJ
C:\USERS\PRASATH_G\DOCUMENTS\VISUAL STUDIO 2010\PROJECTS\PRASATH\FORGITCPPSOLUTIONS\5_LINKEDLISTS\DEBUG\AVERAGEDARRAY.OBJ
C:\USERS\PRASATH_G\DOCUMENTS\VISUAL STUDIO 2010\PROJECTS\PRASATH\FORGITCPPSOLUTIONS\5_LINKEDLISTS\DEBUG\BLOCKREVERSAL_ITERATIVE.OBJ
C:\USERS\PRASATH_G\DOCUMENTS\VISUAL STUDIO 2010\PROJECTS\PRASATH\FORGITCPPSOLUTIONS\5_LINKEDLISTS\DEBUG\BLOCKREVERSAL_RECURSIVE.OBJ
C:\USERS\PRASATH_G\DOCUMENTS\VISUAL STUDIO 2010\PROJECTS\PRASATH\FORGITCPPSOLUTIONS\5_LINKEDLISTS\DEBUG\BREADTHFIRSTSEARCH.OBJ
C:\USERS\PRASATH_G\DOCUMENTS\VISUAL STUDIO 2010\PROJECTS\PRASATH\FORGITCPPSOLUTIONS\5_LINKEDLISTS\DEBUG\CC_PRIME_CHEFLUCKY.OBJ
C:\USERS\PRASATH_G\DOCUMENTS\VISUAL STUDIO 2010\PROJECTS\PRASATH\FORGITCPPSOLUTIONS\5_LINKEDLISTS\DEBUG\CHECKLLPALINDROME.OBJ
C:\Users\Prasath_G\Documents\Visual Studio 2010\Projects\PRASATH\ForGitcppsolutions\5_LinkedLists\Debug\CL.4488.read.1.tlog
C:\Users\Prasath_G\Documents\Visual Studio 2010\Projects\PRASATH\ForGitcppsolutions\5_LinkedLists\Debug\CL.4488.write.1.tlog
C:\Users\Prasath_G\Documents\Visual Studio 2010\Projects\PRASATH\ForGitcppsolutions\5_LinkedLists\Debug\cl.command.1.tlog
C:\Users\Prasath_G\Documents\Visual Studio 2010\Projects\PRASATH\ForGitcppsolutions\5_LinkedLists\Debug\CL.read.1.tlog
C:\Users\Prasath_G\Documents\Visual Studio 2010\Projects\PRASATH\ForGitcppsolutions\5_LinkedLists\Debug\CL.write.1.tlog
C:\USERS\PRASATH_G\DOCUMENTS\VISUAL STUDIO 2010\PROJECTS\PRASATH\FORGITCPPSOLUTIONS\5_LINKEDLISTS\DEBUG\COMBINATIONUSINGRECURSION.OBJ
C:\USERS\PRASATH_G\DOCUMENTS\VISUAL STUDIO 2010\PROJECTS\PRASATH\FORGITCPPSOLUTIONS\5_LINKEDLISTS\DEBUG\DELETEALTERNATENODESOFLLFROM1STNODE_ITERATIVE.OBJ
C:\USERS\PRASATH_G\DOCUMENTS\VISUAL STUDIO 2010\PROJECTS\PRASATH\FORGITCPPSOLUTIONS\5_LINKEDLISTS\DEBUG\DELETEALTERNATENODESOFLLFROM1STNODE_RECURSIVE.OBJ
C:\USERS\PRASATH_G\DOCUMENTS\VISUAL STUDIO 2010\PROJECTS\PRASATH\FORGITCPPSOLUTIONS\5_LINKEDLISTS\DEBUG\DELETEMNODEAFTERNNODESINLL_ITERATIVE.OBJ
C:\USERS\PRASATH_G\DOCUMENTS\VISUAL STUDIO 2010\PROJECTS\PRASATH\FORGITCPPSOLUTIONS\5_LINKEDLISTS\DEBUG\DELETEMNODESAFTERNNODESINLL_RECURSIVE.OBJ
C:\USERS\PRASATH_G\DOCUMENTS\VISUAL STUDIO 2010\PROJECTS\PRASATH\FORGITCPPSOLUTIONS\5_LINKEDLISTS\DEBUG\DELETENODESINLLHAVINGNODESGREATERINVALUEATRIGHT_ITERATIVE.OBJ
C:\USERS\PRASATH_G\DOCUMENTS\VISUAL STUDIO 2010\PROJECTS\PRASATH\FORGITCPPSOLUTIONS\5_LINKEDLISTS\DEBUG\DELETENODESINLLHAVINGNODESGREATERINVALUEATRIGHT_RECURSIVE.OBJ
C:\USERS\PRASATH_G\DOCUMENTS\VISUAL STUDIO 2010\PROJECTS\PRASATH\FORGITCPPSOLUTIONS\5_LINKEDLISTS\DEBUG\DEPTHFIRSTSEARCH.OBJ
C:\USERS\PRASATH_G\DOCUMENTS\VISUAL STUDIO 2010\PROJECTS\PRASATH\FORGITCPPSOLUTIONS\5_LINKEDLISTS\DEBUG\DETECTANDREMOVECYCLEINLL.OBJ
C:\USERS\PRASATH_G\DOCUMENTS\VISUAL STUDIO 2010\PROJECTS\PRASATH\FORGITCPPSOLUTIONS\5_LINKEDLISTS\DEBUG\DETECTCYCLE_DIRECTEDDISCONNECTED_ITERATIVE.OBJ
C:\USERS\PRASATH_G\DOCUMENTS\VISUAL STUDIO 2010\PROJECTS\PRASATH\FORGITCPPSOLUTIONS\5_LINKEDLISTS\DEBUG\DETECTCYCLEINLL.OBJ
C:\USERS\PRASATH_G\DOCUMENTS\VISUAL STUDIO 2010\PROJECTS\PRASATH\FORGITCPPSOLUTIONS\5_LINKEDLISTS\DEBUG\DOMINOSOLITAIRE.OBJ
C:\USERS\PRASATH_G\DOCUMENTS\VISUAL STUDIO 2010\PROJECTS\PRASATH\FORGITCPPSOLUTIONS\5_LINKEDLISTS\DEBUG\FASTESTWAYTODELETENODEINLL.OBJ
C:\USERS\PRASATH_G\DOCUMENTS\VISUAL STUDIO 2010\PROJECTS\PRASATH\FORGITCPPSOLUTIONS\5_LINKEDLISTS\DEBUG\FIRSTOCCURINGCHARACTERINSTRINGWHICHISNOTREPEATED.OBJ
C:\USERS\PRASATH_G\DOCUMENTS\VISUAL STUDIO 2010\PROJECTS\PRASATH\FORGITCPPSOLUTIONS\5_LINKEDLISTS\DEBUG\FLATTENINGALL_ITERATIVE.OBJ
C:\USERS\PRASATH_G\DOCUMENTS\VISUAL STUDIO 2010\PROJECTS\PRASATH\FORGITCPPSOLUTIONS\5_LINKEDLISTS\DEBUG\FLATTENINGALL_RECURSIVE.OBJ
C:\USERS\PRASATH_G\DOCUMENTS\VISUAL STUDIO 2010\PROJECTS\PRASATH\FORGITCPPSOLUTIONS\5_LINKEDLISTS\DEBUG\FLATTENINGLL_RECURSIVE.OBJ
C:\USERS\PRASATH_G\DOCUMENTS\VISUAL STUDIO 2010\PROJECTS\PRASATH\FORGITCPPSOLUTIONS\5_LINKEDLISTS\DEBUG\FROGJUMPING_BFS.OBJ
C:\USERS\PRASATH_G\DOCUMENTS\VISUAL STUDIO 2010\PROJECTS\PRASATH\FORGITCPPSOLUTIONS\5_LINKEDLISTS\DEBUG\FROGJUMPING_SUBMISSION.OBJ
C:\USERS\PRASATH_G\DOCUMENTS\VISUAL STUDIO 2010\PROJECTS\PRASATH\FORGITCPPSOLUTIONS\5_LINKEDLISTS\DEBUG\ILANGOVANSCODE_BFSWITHGRAPHCONSTRUCTION.OBJ
C:\USERS\PRASATH_G\DOCUMENTS\VISUAL STUDIO 2010\PROJECTS\PRASATH\FORGITCPPSOLUTIONS\5_LINKEDLISTS\DEBUG\INSERTIONSORT_ITERATIVE.OBJ
C:\USERS\PRASATH_G\DOCUMENTS\VISUAL STUDIO 2010\PROJECTS\PRASATH\FORGITCPPSOLUTIONS\5_LINKEDLISTS\DEBUG\INSERTIONSORT_NPTEL.OBJ
C:\USERS\PRASATH_G\DOCUMENTS\VISUAL STUDIO 2010\PROJECTS\PRASATH\FORGITCPPSOLUTIONS\5_LINKEDLISTS\DEBUG\INSERTIONSORT_RECURSIVE.OBJ
C:\USERS\PRASATH_G\DOCUMENTS\VISUAL STUDIO 2010\PROJECTS\PRASATH\FORGITCPPSOLUTIONS\5_LINKEDLISTS\DEBUG\INTERSECTINGPOINTSOF2LLS.OBJ
C:\USERS\PRASATH_G\DOCUMENTS\VISUAL STUDIO 2010\PROJECTS\PRASATH\FORGITCPPSOLUTIONS\5_LINKEDLISTS\DEBUG\INTERSECTIONOFSORETEDLLS_RECURSIVE.OBJ
C:\USERS\PRASATH_G\DOCUMENTS\VISUAL STUDIO 2010\PROJECTS\PRASATH\FORGITCPPSOLUTIONS\5_LINKEDLISTS\DEBUG\INTERSECTIONOFSORTECLLS_ITERATIVE.OBJ
C:\USERS\PRASATH_G\DOCUMENTS\VISUAL STUDIO 2010\PROJECTS\PRASATH\FORGITCPPSOLUTIONS\5_LINKEDLISTS\DEBUG\M1_ADDINGTWOLINKEDLISTS.OBJ
C:\USERS\PRASATH_G\DOCUMENTS\VISUAL STUDIO 2010\PROJECTS\PRASATH\FORGITCPPSOLUTIONS\5_LINKEDLISTS\DEBUG\M2_ADDINGTWOLINKEDLISTS.OBJ
C:\USERS\PRASATH_G\DOCUMENTS\VISUAL STUDIO 2010\PROJECTS\PRASATH\FORGITCPPSOLUTIONS\5_LINKEDLISTS\DEBUG\MAXIMUMSUMPATHLLOUTOFLLSHAVINGCOMMONNODES.OBJ
C:\USERS\PRASATH_G\DOCUMENTS\VISUAL STUDIO 2010\PROJECTS\PRASATH\FORGITCPPSOLUTIONS\5_LINKEDLISTS\DEBUG\MEDIANOFLL.OBJ
C:\USERS\PRASATH_G\DOCUMENTS\VISUAL STUDIO 2010\PROJECTS\PRASATH\FORGITCPPSOLUTIONS\5_LINKEDLISTS\DEBUG\MERGE2SORTEDLLS_ITER-LATEST.OBJ
C:\USERS\PRASATH_G\DOCUMENTS\VISUAL STUDIO 2010\PROJECTS\PRASATH\FORGITCPPSOLUTIONS\5_LINKEDLISTS\DEBUG\MERGE2SORTEDLLS_RECUR-LATEST.OBJ
C:\USERS\PRASATH_G\DOCUMENTS\VISUAL STUDIO 2010\PROJECTS\PRASATH\FORGITCPPSOLUTIONS\5_LINKEDLISTS\DEBUG\MERGE2SORTEDLLSINREVERSEFASHION.OBJ
C:\USERS\PRASATH_G\DOCUMENTS\VISUAL STUDIO 2010\PROJECTS\PRASATH\FORGITCPPSOLUTIONS\5_LINKEDLISTS\DEBUG\MERGE2SORTEDLLS-RECURITERLATEST.OBJ
C:\USERS\PRASATH_G\DOCUMENTS\VISUAL STUDIO 2010\PROJECTS\PRASATH\FORGITCPPSOLUTIONS\5_LINKEDLISTS\DEBUG\MERGELLSATALTERNATEPOSITIONSOF1STLL_ITERATIVE.OBJ
C:\USERS\PRASATH_G\DOCUMENTS\VISUAL STUDIO 2010\PROJECTS\PRASATH\FORGITCPPSOLUTIONS\5_LINKEDLISTS\DEBUG\MERGELLSATALTERNATEPOSITIONSOF1STLL_RECURSIVE.OBJ
C:\USERS\PRASATH_G\DOCUMENTS\VISUAL STUDIO 2010\PROJECTS\PRASATH\FORGITCPPSOLUTIONS\5_LINKEDLISTS\DEBUG\MERGEODDANDEVENNODESTOGETHERINLL.OBJ
C:\USERS\PRASATH_G\DOCUMENTS\VISUAL STUDIO 2010\PROJECTS\PRASATH\FORGITCPPSOLUTIONS\5_LINKEDLISTS\DEBUG\MERGESORT_ITERATIVE_NPTEL.OBJ
C:\USERS\PRASATH_G\DOCUMENTS\VISUAL STUDIO 2010\PROJECTS\PRASATH\FORGITCPPSOLUTIONS\5_LINKEDLISTS\DEBUG\MERGESORT_RECURSIVE.OBJ
C:\USERS\PRASATH_G\DOCUMENTS\VISUAL STUDIO 2010\PROJECTS\PRASATH\FORGITCPPSOLUTIONS\5_LINKEDLISTS\DEBUG\MERGESORT_RECURSIVE_NPTEL.OBJ
C:\USERS\PRASATH_G\DOCUMENTS\VISUAL STUDIO 2010\PROJECTS\PRASATH\FORGITCPPSOLUTIONS\5_LINKEDLISTS\DEBUG\MERGESORTFORLL.OBJ
C:\USERS\PRASATH_G\DOCUMENTS\VISUAL STUDIO 2010\PROJECTS\PRASATH\FORGITCPPSOLUTIONS\5_LINKEDLISTS\DEBUG\MERGETWOLLS_ITERATIVE.OBJ
C:\USERS\PRASATH_G\DOCUMENTS\VISUAL STUDIO 2010\PROJECTS\PRASATH\FORGITCPPSOLUTIONS\5_LINKEDLISTS\DEBUG\MERGETWOLLS_RECURSIVE.OBJ
C:\USERS\PRASATH_G\DOCUMENTS\VISUAL STUDIO 2010\PROJECTS\PRASATH\FORGITCPPSOLUTIONS\5_LINKEDLISTS\DEBUG\MINIMUMSTEPSTO1_DYNAMICPROGRAMMING.OBJ
C:\USERS\PRASATH_G\DOCUMENTS\VISUAL STUDIO 2010\PROJECTS\PRASATH\FORGITCPPSOLUTIONS\5_LINKEDLISTS\DEBUG\MINIMUMSTEPSTOONE_MEMOIZATION.OBJ
C:\USERS\PRASATH_G\DOCUMENTS\VISUAL STUDIO 2010\PROJECTS\PRASATH\FORGITCPPSOLUTIONS\5_LINKEDLISTS\DEBUG\MOVESPACESTOLEFT.OBJ
C:\USERS\PRASATH_G\DOCUMENTS\VISUAL STUDIO 2010\PROJECTS\PRASATH\FORGITCPPSOLUTIONS\5_LINKEDLISTS\DEBUG\NPTELQUIZ1Q2.OBJ
C:\USERS\PRASATH_G\DOCUMENTS\VISUAL STUDIO 2010\PROJECTS\PRASATH\FORGITCPPSOLUTIONS\5_LINKEDLISTS\DEBUG\PAIRSTLCONTAINER.OBJ
C:\USERS\PRASATH_G\DOCUMENTS\VISUAL STUDIO 2010\PROJECTS\PRASATH\FORGITCPPSOLUTIONS\5_LINKEDLISTS\DEBUG\PAIRWHOSESUMEQUALSXINARRAY.OBJ
C:\USERS\PRASATH_G\DOCUMENTS\VISUAL STUDIO 2010\PROJECTS\PRASATH\FORGITCPPSOLUTIONS\5_LINKEDLISTS\DEBUG\PAIRWISESWAPOFLLNODES_ITERATIVE.OBJ
C:\USERS\PRASATH_G\DOCUMENTS\VISUAL STUDIO 2010\PROJECTS\PRASATH\FORGITCPPSOLUTIONS\5_LINKEDLISTS\DEBUG\PAIRWISESWAPOFLLNODES_RECURSIVE.OBJ
C:\USERS\PRASATH_G\DOCUMENTS\VISUAL STUDIO 2010\PROJECTS\PRASATH\FORGITCPPSOLUTIONS\5_LINKEDLISTS\DEBUG\PAIRWISESWAPOFLLSBYLINKCHANGE_ITERATIVE.OBJ
C:\USERS\PRASATH_G\DOCUMENTS\VISUAL STUDIO 2010\PROJECTS\PRASATH\FORGITCPPSOLUTIONS\5_LINKEDLISTS\DEBUG\PAIRWISESWAPOFLLSBYLINKCHANGE_RECURSIVE.OBJ
C:\USERS\PRASATH_G\DOCUMENTS\VISUAL STUDIO 2010\PROJECTS\PRASATH\FORGITCPPSOLUTIONS\5_LINKEDLISTS\DEBUG\POINTER2NEXTHIGHERVALUEINARBITLL_ITERATIVE.OBJ
C:\USERS\PRASATH_G\DOCUMENTS\VISUAL STUDIO 2010\PROJECTS\PRASATH\FORGITCPPSOLUTIONS\5_LINKEDLISTS\DEBUG\PRINTNTHNODEINLL.OBJ
C:\USERS\PRASATH_G\DOCUMENTS\VISUAL STUDIO 2010\PROJECTS\PRASATH\FORGITCPPSOLUTIONS\5_LINKEDLISTS\DEBUG\PRINTNTHNODEINLLFROMLAST.OBJ
C:\USERS\PRASATH_G\DOCUMENTS\VISUAL STUDIO 2010\PROJECTS\PRASATH\FORGITCPPSOLUTIONS\5_LINKEDLISTS\DEBUG\QUICKSORT_RECURSIVE.OBJ
C:\USERS\PRASATH_G\DOCUMENTS\VISUAL STUDIO 2010\PROJECTS\PRASATH\FORGITCPPSOLUTIONS\5_LINKEDLISTS\DEBUG\QUICKSORTFORLL_RECURSIVE.OBJ
C:\USERS\PRASATH_G\DOCUMENTS\VISUAL STUDIO 2010\PROJECTS\PRASATH\FORGITCPPSOLUTIONS\5_LINKEDLISTS\DEBUG\REMOVEDUPLICATESFROMSORTEDLL_ITERATIVE.OBJ
C:\USERS\PRASATH_G\DOCUMENTS\VISUAL STUDIO 2010\PROJECTS\PRASATH\FORGITCPPSOLUTIONS\5_LINKEDLISTS\DEBUG\REMOVEDUPLICATESFROMSORTEDLL_RECURSIVE.OBJ
C:\USERS\PRASATH_G\DOCUMENTS\VISUAL STUDIO 2010\PROJECTS\PRASATH\FORGITCPPSOLUTIONS\5_LINKEDLISTS\DEBUG\REMOVEDUPLICATESFROMUNSORTEDLIST_RECURSIVE.OBJ
C:\USERS\PRASATH_G\DOCUMENTS\VISUAL STUDIO 2010\PROJECTS\PRASATH\FORGITCPPSOLUTIONS\5_LINKEDLISTS\DEBUG\REMOVEDUPLICATESFROMUNSORTEDLL_ITERATIVE.OBJ
C:\USERS\PRASATH_G\DOCUMENTS\VISUAL STUDIO 2010\PROJECTS\PRASATH\FORGITCPPSOLUTIONS\5_LINKEDLISTS\DEBUG\REMOVEMIDDLEPOINTSOFLLOFLINESEGMENTS.OBJ
C:\USERS\PRASATH_G\DOCUMENTS\VISUAL STUDIO 2010\PROJECTS\PRASATH\FORGITCPPSOLUTIONS\5_LINKEDLISTS\DEBUG\REVERSELL_ITERATIVE.OBJ
C:\USERS\PRASATH_G\DOCUMENTS\VISUAL STUDIO 2010\PROJECTS\PRASATH\FORGITCPPSOLUTIONS\5_LINKEDLISTS\DEBUG\REVERSELL_ITERRECUR.OBJ
C:\USERS\PRASATH_G\DOCUMENTS\VISUAL STUDIO 2010\PROJECTS\PRASATH\FORGITCPPSOLUTIONS\5_LINKEDLISTS\DEBUG\REVERSELL_RECURSIVE.OBJ
C:\USERS\PRASATH_G\DOCUMENTS\VISUAL STUDIO 2010\PROJECTS\PRASATH\FORGITCPPSOLUTIONS\5_LINKEDLISTS\DEBUG\REVERSELLINALTERNATEBLOCKS_RECURSIVE.OBJ
C:\USERS\PRASATH_G\DOCUMENTS\VISUAL STUDIO 2010\PROJECTS\PRASATH\FORGITCPPSOLUTIONS\5_LINKEDLISTS\DEBUG\REVERSELLINALTERNATEMBLOCKSAFTERNBLOCKS_RECURSIVE.OBJ
C:\USERS\PRASATH_G\DOCUMENTS\VISUAL STUDIO 2010\PROJECTS\PRASATH\FORGITCPPSOLUTIONS\5_LINKEDLISTS\DEBUG\REVERSELLINBLOCKS_RECURSIVE.OBJ
C:\USERS\PRASATH_G\DOCUMENTS\VISUAL STUDIO 2010\PROJECTS\PRASATH\FORGITCPPSOLUTIONS\5_LINKEDLISTS\DEBUG\REVERSESTACK-WITHOUTUSINGLOOPS.OBJ
C:\USERS\PRASATH_G\DOCUMENTS\VISUAL STUDIO 2010\PROJECTS\PRASATH\FORGITCPPSOLUTIONS\5_LINKEDLISTS\DEBUG\ROTATELLORMOVELASTNODETOFIRSTINLL.OBJ
C:\USERS\PRASATH_G\DOCUMENTS\VISUAL STUDIO 2010\PROJECTS\PRASATH\FORGITCPPSOLUTIONS\5_LINKEDLISTS\DEBUG\SEGREGATEODDANDEVENNODESINLL_ITERATIVE.OBJ
C:\USERS\PRASATH_G\DOCUMENTS\VISUAL STUDIO 2010\PROJECTS\PRASATH\FORGITCPPSOLUTIONS\5_LINKEDLISTS\DEBUG\SEGREGATEODDANDEVENNODESINLL_RECURSIVE.OBJ
C:\USERS\PRASATH_G\DOCUMENTS\VISUAL STUDIO 2010\PROJECTS\PRASATH\FORGITCPPSOLUTIONS\5_LINKEDLISTS\DEBUG\SELECTIONSORT_ITERATIVE.OBJ
C:\USERS\PRASATH_G\DOCUMENTS\VISUAL STUDIO 2010\PROJECTS\PRASATH\FORGITCPPSOLUTIONS\5_LINKEDLISTS\DEBUG\SELECTIONSORT_RECURSIVE.OBJ
C:\USERS\PRASATH_G\DOCUMENTS\VISUAL STUDIO 2010\PROJECTS\PRASATH\FORGITCPPSOLUTIONS\5_LINKEDLISTS\DEBUG\SEPARATEPOSITVEANDNEGATIVENUMBERS.OBJ
C:\USERS\PRASATH_G\DOCUMENTS\VISUAL STUDIO 2010\PROJECTS\PRASATH\FORGITCPPSOLUTIONS\5_LINKEDLISTS\DEBUG\SHOEMAKER_MERGE.OBJ
C:\USERS\PRASATH_G\DOCUMENTS\VISUAL STUDIO 2010\PROJECTS\PRASATH\FORGITCPPSOLUTIONS\5_LINKEDLISTS\DEBUG\SHOEMAKERS.OBJ
C:\USERS\PRASATH_G\DOCUMENTS\VISUAL STUDIO 2010\PROJECTS\PRASATH\FORGITCPPSOLUTIONS\5_LINKEDLISTS\DEBUG\SMARTREVERSAL_NEWLLCREATIONWITHANDWITHOUTREFERENCE.OBJ
C:\USERS\PRASATH_G\DOCUMENTS\VISUAL STUDIO 2010\PROJECTS\PRASATH\FORGITCPPSOLUTIONS\5_LINKEDLISTS\DEBUG\SOKOBAN.OBJ
C:\USERS\PRASATH_G\DOCUMENTS\VISUAL STUDIO 2010\PROJECTS\PRASATH\FORGITCPPSOLUTIONS\5_LINKEDLISTS\DEBUG\SORTANLLWHICHISASCANDDES.OBJ
C:\USERS\PRASATH_G\DOCUMENTS\VISUAL STUDIO 2010\PROJECTS\PRASATH\FORGITCPPSOLUTIONS\5_LINKEDLISTS\DEBUG\STACKSORT-WITHOUTUSINGLOOPS.OBJ
C:\USERS\PRASATH_G\DOCUMENTS\VISUAL STUDIO 2010\PROJECTS\PRASATH\FORGITCPPSOLUTIONS\5_LINKEDLISTS\DEBUG\TRIPLESCHAIN_DIJKSTRA.OBJ
C:\USERS\PRASATH_G\DOCUMENTS\VISUAL STUDIO 2010\PROJECTS\PRASATH\FORGITCPPSOLUTIONS\5_LINKEDLISTS\DEBUG\TRIPLESCHAIN_DROPPINGUNWANTEDVERTICES.OBJ
C:\USERS\PRASATH_G\DOCUMENTS\VISUAL STUDIO 2010\PROJECTS\PRASATH\FORGITCPPSOLUTIONS\5_LINKEDLISTS\DEBUG\TRIPLETWHOSESUMEQUALSGIVENNOIN3LLS.OBJ
C:\USERS\PRASATH_G\DOCUMENTS\VISUAL STUDIO 2010\PROJECTS\PRASATH\FORGITCPPSOLUTIONS\5_LINKEDLISTS\DEBUG\UNIONNINTERSECTIONLL-ITER.OBJ
C:\USERS\PRASATH_G\DOCUMENTS\VISUAL STUDIO 2010\PROJECTS\PRASATH\FORGITCPPSOLUTIONS\5_LINKEDLISTS\DEBUG\UNIONNINTERSECTIONOFLL_RECURSIVENITERATIVE.OBJ
C:\Users\Prasath_G\Documents\Visual Studio 2010\Projects\PRASATH\ForGitcppsolutions\5_LinkedLists\Debug\vc100.idb
C:\USERS\PRASATH_G\DOCUMENTS\VISUAL STUDIO 2010\PROJECTS\PRASATH\FORGITCPPSOLUTIONS\5_LINKEDLISTS\DEBUG\VC100.PDB
C:\USERS\PRASATH_G\DOCUMENTS\VISUAL STUDIO 2010\PROJECTS\PRASATH\FORGITCPPSOLUTIONS\5_LINKEDLISTS\DEBUG\VIKRAMKUMAR_GRAPHSUSINGSTL_NOHEAP.OBJ
C:\USERS\PRASATH_G\DOCUMENTS\VISUAL STUDIO 2010\PROJECTS\PRASATH\FORGITCPPSOLUTIONS\5_LINKEDLISTS\DEBUG\VIPINQUESTION.OBJ
C:\USERS\PRASATH_G\DOCUMENTS\VISUAL STUDIO 2010\PROJECTS\PRASATH\FORGITCPPSOLUTIONS\5_LINKEDLISTS\DEBUG\WEIGHTEDGRAPHS_DIJKSTRAS.OBJ
